<?xml version="1.0" encoding="UTF-8"?>
<coverage generated="1773104985935" clover="3.2.0">
  <project timestamp="1773104985935" name="All files">
    <metrics statements="178" coveredstatements="178" conditionals="50" coveredconditionals="45" methods="33" coveredmethods="31" elements="261" coveredelements="254" complexity="0" loc="178" ncloc="178" packages="1" files="1" classes="1"/>
    <file name="popup.js" path="/Users/danielcampos/Documents/GitHub/CS3250-spring26-daniel-/src/popup.js">
      <metrics statements="178" coveredstatements="178" conditionals="50" coveredconditionals="45" methods="33" coveredmethods="31"/>
      <line num="7" count="1" type="stmt"/>
      <line num="8" count="1" type="stmt"/>
      <line num="16" count="35" type="stmt"/>
      <line num="17" count="35" type="cond" truecount="2" falsecount="0"/>
      <line num="20" count="34" type="stmt"/>
      <line num="21" count="34" type="stmt"/>
      <line num="23" count="34" type="stmt"/>
      <line num="24" count="34" type="cond" truecount="2" falsecount="0"/>
      <line num="27" count="34" type="stmt"/>
      <line num="28" count="7" type="stmt"/>
      <line num="32" count="34" type="stmt"/>
      <line num="33" count="34" type="stmt"/>
      <line num="34" count="29" type="stmt"/>
      <line num="35" count="29" type="stmt"/>
      <line num="38" count="29" type="cond" truecount="2" falsecount="0"/>
      <line num="39" count="15" type="cond" truecount="1" falsecount="1"/>
      <line num="40" count="15" type="stmt"/>
      <line num="42" count="15" type="stmt"/>
      <line num="47" count="34" type="cond" truecount="2" falsecount="0"/>
      <line num="48" count="20" type="stmt"/>
      <line num="49" count="20" type="stmt"/>
      <line num="50" count="20" type="stmt"/>
      <line num="51" count="20" type="stmt"/>
      <line num="54" count="34" type="stmt"/>
      <line num="55" count="15" type="stmt"/>
      <line num="56" count="15" type="stmt"/>
      <line num="60" count="15" type="stmt"/>
      <line num="61" count="1" type="stmt"/>
      <line num="62" count="1" type="stmt"/>
      <line num="65" count="15" type="stmt"/>
      <line num="66" count="1" type="stmt"/>
      <line num="69" count="15" type="stmt"/>
      <line num="70" count="3" type="stmt"/>
      <line num="71" count="3" type="stmt"/>
      <line num="73" count="3" type="stmt"/>
      <line num="74" count="3" type="stmt"/>
      <line num="76" count="3" type="cond" truecount="2" falsecount="0"/>
      <line num="77" count="2" type="stmt"/>
      <line num="82" count="15" type="stmt"/>
      <line num="83" count="15" type="stmt"/>
      <line num="84" count="15" type="stmt"/>
      <line num="86" count="15" type="stmt"/>
      <line num="87" count="15" type="stmt"/>
      <line num="88" count="15" type="stmt"/>
      <line num="89" count="15" type="stmt"/>
      <line num="92" count="15" type="stmt"/>
      <line num="93" count="15" type="stmt"/>
      <line num="94" count="15" type="stmt"/>
      <line num="96" count="15" type="stmt"/>
      <line num="97" count="2" type="stmt"/>
      <line num="98" count="2" type="stmt"/>
      <line num="101" count="15" type="stmt"/>
      <line num="102" count="15" type="stmt"/>
      <line num="103" count="15" type="stmt"/>
      <line num="106" count="15" type="stmt"/>
      <line num="107" count="15" type="stmt"/>
      <line num="108" count="15" type="stmt"/>
      <line num="110" count="15" type="stmt"/>
      <line num="111" count="15" type="stmt"/>
      <line num="112" count="15" type="stmt"/>
      <line num="114" count="15" type="stmt"/>
      <line num="115" count="15" type="stmt"/>
      <line num="117" count="15" type="stmt"/>
      <line num="118" count="15" type="stmt"/>
      <line num="119" count="15" type="stmt"/>
      <line num="120" count="15" type="stmt"/>
      <line num="122" count="15" type="stmt"/>
      <line num="123" count="15" type="stmt"/>
      <line num="124" count="15" type="stmt"/>
      <line num="125" count="15" type="stmt"/>
      <line num="129" count="15" type="stmt"/>
      <line num="130" count="3" type="cond" truecount="2" falsecount="0"/>
      <line num="131" count="2" type="stmt"/>
      <line num="132" count="2" type="stmt"/>
      <line num="134" count="1" type="stmt"/>
      <line num="135" count="1" type="stmt"/>
      <line num="139" count="15" type="stmt"/>
      <line num="140" count="15" type="stmt"/>
      <line num="141" count="15" type="stmt"/>
      <line num="142" count="15" type="stmt"/>
      <line num="143" count="15" type="stmt"/>
      <line num="147" count="34" type="stmt"/>
      <line num="148" count="34" type="stmt"/>
      <line num="149" count="34" type="stmt"/>
      <line num="151" count="34" type="stmt"/>
      <line num="152" count="19" type="stmt"/>
      <line num="153" count="19" type="cond" truecount="2" falsecount="0"/>
      <line num="154" count="4" type="stmt"/>
      <line num="155" count="4" type="stmt"/>
      <line num="157" count="4" type="stmt"/>
      <line num="158" count="4" type="stmt"/>
      <line num="159" count="4" type="stmt"/>
      <line num="161" count="4" type="stmt"/>
      <line num="162" count="4" type="stmt"/>
      <line num="166" count="4" type="stmt"/>
      <line num="167" count="4" type="stmt"/>
      <line num="168" count="4" type="stmt"/>
      <line num="169" count="4" type="stmt"/>
      <line num="170" count="4" type="stmt"/>
      <line num="172" count="4" type="stmt"/>
      <line num="173" count="4" type="stmt"/>
      <line num="174" count="4" type="stmt"/>
      <line num="175" count="4" type="stmt"/>
      <line num="185" count="30" type="stmt"/>
      <line num="186" count="30" type="stmt"/>
      <line num="187" count="30" type="stmt"/>
      <line num="191" count="30" type="stmt"/>
      <line num="193" count="30" type="stmt"/>
      <line num="194" count="1" type="stmt"/>
      <line num="195" count="1" type="stmt"/>
      <line num="196" count="1" type="stmt"/>
      <line num="199" count="30" type="stmt"/>
      <line num="200" count="1" type="stmt"/>
      <line num="204" count="30" type="stmt"/>
      <line num="205" count="4" type="stmt"/>
      <line num="206" count="4" type="cond" truecount="2" falsecount="0"/>
      <line num="208" count="4" type="cond" truecount="4" falsecount="0"/>
      <line num="209" count="2" type="stmt"/>
      <line num="211" count="4" type="stmt"/>
      <line num="215" count="30" type="stmt"/>
      <line num="216" count="2" type="cond" truecount="2" falsecount="0"/>
      <line num="217" count="1" type="stmt"/>
      <line num="222" count="30" type="stmt"/>
      <line num="223" count="3" type="stmt"/>
      <line num="224" count="3" type="stmt"/>
      <line num="226" count="3" type="stmt"/>
      <line num="229" count="3" type="stmt"/>
      <line num="232" count="30" type="stmt"/>
      <line num="240" count="6" type="stmt"/>
      <line num="241" count="6" type="cond" truecount="2" falsecount="0"/>
      <line num="242" count="6" type="stmt"/>
      <line num="244" count="6" type="cond" truecount="2" falsecount="0"/>
      <line num="245" count="1" type="stmt"/>
      <line num="246" count="1" type="stmt"/>
      <line num="249" count="5" type="stmt"/>
      <line num="250" count="5" type="cond" truecount="2" falsecount="0"/>
      <line num="252" count="5" type="stmt"/>
      <line num="258" count="5" type="stmt"/>
      <line num="259" count="5" type="stmt"/>
      <line num="261" count="5" type="stmt"/>
      <line num="262" count="5" type="stmt"/>
      <line num="269" count="1" type="stmt"/>
      <line num="271" count="1" type="stmt"/>
      <line num="272" count="1" type="cond" truecount="1" falsecount="1"/>
      <line num="273" count="1" type="stmt"/>
      <line num="276" count="1" type="stmt"/>
      <line num="277" count="1" type="cond" truecount="1" falsecount="1"/>
      <line num="278" count="1" type="stmt"/>
      <line num="286" count="6" type="stmt"/>
      <line num="288" count="6" type="cond" truecount="2" falsecount="0"/>
      <line num="290" count="3" type="stmt"/>
      <line num="291" count="3" type="cond" truecount="2" falsecount="0"/>
      <line num="295" count="3" type="stmt"/>
      <line num="296" count="4" type="stmt"/>
      <line num="300" count="3" type="stmt"/>
      <line num="303" count="3" type="stmt"/>
      <line num="312" count="6" type="stmt"/>
      <line num="313" count="6" type="cond" truecount="2" falsecount="0"/>
      <line num="317" count="6" type="stmt"/>
      <line num="318" count="8" type="stmt"/>
      <line num="319" count="8" type="stmt"/>
      <line num="322" count="8" type="cond" truecount="2" falsecount="0"/>
      <line num="326" count="6" type="stmt"/>
      <line num="327" count="6" type="stmt"/>
      <line num="332" count="2" type="stmt"/>
      <line num="333" count="2" type="cond" truecount="1" falsecount="1"/>
      <line num="335" count="2" type="stmt"/>
      <line num="337" count="2" type="cond" truecount="2" falsecount="0"/>
      <line num="338" count="1" type="stmt"/>
      <line num="340" count="1" type="stmt"/>
      <line num="347" count="2" type="stmt"/>
      <line num="348" count="2" type="stmt"/>
      <line num="351" count="1" type="cond" truecount="3" falsecount="1"/>
      <line num="352" count="1" type="stmt"/>
      <line num="354" count="3" type="stmt"/>
      <line num="355" count="1" type="stmt"/>
      <line num="356" count="50" type="stmt"/>
      <line num="357" count="51" type="stmt"/>
    </file>
  </project>
</coverage>
