<?xml version="1.0" encoding="UTF-8"?>
<coverage generated="1773125768802" clover="3.2.0">
  <project timestamp="1773125768802" name="All files">
    <metrics statements="178" coveredstatements="178" conditionals="50" coveredconditionals="45" methods="33" coveredmethods="31" elements="261" coveredelements="254" complexity="0" loc="178" ncloc="178" packages="1" files="1" classes="1"/>
    <file name="popup.js" path="/Users/danielcampos/Documents/GitHub/CS3250-spring26-daniel-/src/popup.js">
      <metrics statements="178" coveredstatements="178" conditionals="50" coveredconditionals="45" methods="33" coveredmethods="31"/>
      <line num="26" count="1" type="stmt"/>
      <line num="27" count="1" type="stmt"/>
      <line num="45" count="35" type="stmt"/>
      <line num="46" count="35" type="cond" truecount="2" falsecount="0"/>
      <line num="49" count="34" type="stmt"/>
      <line num="50" count="34" type="stmt"/>
      <line num="52" count="34" type="stmt"/>
      <line num="53" count="34" type="cond" truecount="2" falsecount="0"/>
      <line num="56" count="34" type="stmt"/>
      <line num="57" count="7" type="stmt"/>
      <line num="63" count="34" type="stmt"/>
      <line num="64" count="34" type="stmt"/>
      <line num="65" count="29" type="stmt"/>
      <line num="66" count="29" type="stmt"/>
      <line num="69" count="29" type="cond" truecount="2" falsecount="0"/>
      <line num="70" count="15" type="cond" truecount="1" falsecount="1"/>
      <line num="71" count="15" type="stmt"/>
      <line num="73" count="15" type="stmt"/>
      <line num="78" count="34" type="cond" truecount="2" falsecount="0"/>
      <line num="79" count="20" type="stmt"/>
      <line num="80" count="20" type="stmt"/>
      <line num="81" count="20" type="stmt"/>
      <line num="82" count="20" type="stmt"/>
      <line num="85" count="34" type="stmt"/>
      <line num="86" count="15" type="stmt"/>
      <line num="87" count="15" type="stmt"/>
      <line num="91" count="15" type="stmt"/>
      <line num="92" count="1" type="stmt"/>
      <line num="93" count="1" type="stmt"/>
      <line num="96" count="15" type="stmt"/>
      <line num="97" count="1" type="stmt"/>
      <line num="100" count="15" type="stmt"/>
      <line num="101" count="3" type="stmt"/>
      <line num="102" count="3" type="stmt"/>
      <line num="104" count="3" type="stmt"/>
      <line num="105" count="3" type="stmt"/>
      <line num="107" count="3" type="cond" truecount="2" falsecount="0"/>
      <line num="108" count="2" type="stmt"/>
      <line num="113" count="15" type="stmt"/>
      <line num="114" count="15" type="stmt"/>
      <line num="115" count="15" type="stmt"/>
      <line num="117" count="15" type="stmt"/>
      <line num="118" count="15" type="stmt"/>
      <line num="119" count="15" type="stmt"/>
      <line num="120" count="15" type="stmt"/>
      <line num="123" count="15" type="stmt"/>
      <line num="124" count="15" type="stmt"/>
      <line num="125" count="15" type="stmt"/>
      <line num="127" count="15" type="stmt"/>
      <line num="128" count="2" type="stmt"/>
      <line num="129" count="2" type="stmt"/>
      <line num="132" count="15" type="stmt"/>
      <line num="133" count="15" type="stmt"/>
      <line num="134" count="15" type="stmt"/>
      <line num="137" count="15" type="stmt"/>
      <line num="138" count="15" type="stmt"/>
      <line num="139" count="15" type="stmt"/>
      <line num="141" count="15" type="stmt"/>
      <line num="142" count="15" type="stmt"/>
      <line num="143" count="15" type="stmt"/>
      <line num="145" count="15" type="stmt"/>
      <line num="146" count="15" type="stmt"/>
      <line num="148" count="15" type="stmt"/>
      <line num="149" count="15" type="stmt"/>
      <line num="150" count="15" type="stmt"/>
      <line num="151" count="15" type="stmt"/>
      <line num="153" count="15" type="stmt"/>
      <line num="154" count="15" type="stmt"/>
      <line num="155" count="15" type="stmt"/>
      <line num="156" count="15" type="stmt"/>
      <line num="160" count="15" type="stmt"/>
      <line num="161" count="3" type="cond" truecount="2" falsecount="0"/>
      <line num="162" count="2" type="stmt"/>
      <line num="163" count="2" type="stmt"/>
      <line num="165" count="1" type="stmt"/>
      <line num="166" count="1" type="stmt"/>
      <line num="170" count="15" type="stmt"/>
      <line num="171" count="15" type="stmt"/>
      <line num="172" count="15" type="stmt"/>
      <line num="173" count="15" type="stmt"/>
      <line num="174" count="15" type="stmt"/>
      <line num="178" count="34" type="stmt"/>
      <line num="179" count="34" type="stmt"/>
      <line num="180" count="34" type="stmt"/>
      <line num="182" count="34" type="stmt"/>
      <line num="183" count="19" type="stmt"/>
      <line num="184" count="19" type="cond" truecount="2" falsecount="0"/>
      <line num="185" count="4" type="stmt"/>
      <line num="186" count="4" type="stmt"/>
      <line num="188" count="4" type="stmt"/>
      <line num="189" count="4" type="stmt"/>
      <line num="190" count="4" type="stmt"/>
      <line num="192" count="4" type="stmt"/>
      <line num="193" count="4" type="stmt"/>
      <line num="197" count="4" type="stmt"/>
      <line num="198" count="4" type="stmt"/>
      <line num="199" count="4" type="stmt"/>
      <line num="200" count="4" type="stmt"/>
      <line num="201" count="4" type="stmt"/>
      <line num="203" count="4" type="stmt"/>
      <line num="204" count="4" type="stmt"/>
      <line num="205" count="4" type="stmt"/>
      <line num="206" count="4" type="stmt"/>
      <line num="225" count="30" type="stmt"/>
      <line num="226" count="30" type="stmt"/>
      <line num="227" count="30" type="stmt"/>
      <line num="231" count="30" type="stmt"/>
      <line num="233" count="30" type="stmt"/>
      <line num="234" count="1" type="stmt"/>
      <line num="235" count="1" type="stmt"/>
      <line num="236" count="1" type="stmt"/>
      <line num="239" count="30" type="stmt"/>
      <line num="240" count="1" type="stmt"/>
      <line num="244" count="30" type="stmt"/>
      <line num="245" count="4" type="stmt"/>
      <line num="246" count="4" type="cond" truecount="2" falsecount="0"/>
      <line num="248" count="4" type="cond" truecount="4" falsecount="0"/>
      <line num="249" count="2" type="stmt"/>
      <line num="251" count="4" type="stmt"/>
      <line num="255" count="30" type="stmt"/>
      <line num="256" count="2" type="cond" truecount="2" falsecount="0"/>
      <line num="257" count="1" type="stmt"/>
      <line num="262" count="30" type="stmt"/>
      <line num="263" count="3" type="stmt"/>
      <line num="264" count="3" type="stmt"/>
      <line num="266" count="3" type="stmt"/>
      <line num="269" count="3" type="stmt"/>
      <line num="272" count="30" type="stmt"/>
      <line num="290" count="6" type="stmt"/>
      <line num="291" count="6" type="cond" truecount="2" falsecount="0"/>
      <line num="292" count="6" type="stmt"/>
      <line num="294" count="6" type="cond" truecount="2" falsecount="0"/>
      <line num="295" count="1" type="stmt"/>
      <line num="296" count="1" type="stmt"/>
      <line num="299" count="5" type="stmt"/>
      <line num="300" count="5" type="cond" truecount="2" falsecount="0"/>
      <line num="302" count="5" type="stmt"/>
      <line num="308" count="5" type="stmt"/>
      <line num="309" count="5" type="stmt"/>
      <line num="311" count="5" type="stmt"/>
      <line num="312" count="5" type="stmt"/>
      <line num="319" count="1" type="stmt"/>
      <line num="321" count="1" type="stmt"/>
      <line num="322" count="1" type="cond" truecount="1" falsecount="1"/>
      <line num="323" count="1" type="stmt"/>
      <line num="326" count="1" type="stmt"/>
      <line num="327" count="1" type="cond" truecount="1" falsecount="1"/>
      <line num="328" count="1" type="stmt"/>
      <line num="341" count="6" type="stmt"/>
      <line num="343" count="6" type="cond" truecount="2" falsecount="0"/>
      <line num="345" count="3" type="stmt"/>
      <line num="346" count="3" type="cond" truecount="2" falsecount="0"/>
      <line num="350" count="3" type="stmt"/>
      <line num="351" count="4" type="stmt"/>
      <line num="355" count="3" type="stmt"/>
      <line num="358" count="3" type="stmt"/>
      <line num="373" count="6" type="stmt"/>
      <line num="374" count="6" type="cond" truecount="2" falsecount="0"/>
      <line num="378" count="6" type="stmt"/>
      <line num="379" count="8" type="stmt"/>
      <line num="380" count="8" type="stmt"/>
      <line num="383" count="8" type="cond" truecount="2" falsecount="0"/>
      <line num="387" count="6" type="stmt"/>
      <line num="388" count="6" type="stmt"/>
      <line num="402" count="2" type="stmt"/>
      <line num="403" count="2" type="cond" truecount="1" falsecount="1"/>
      <line num="405" count="2" type="stmt"/>
      <line num="407" count="2" type="cond" truecount="2" falsecount="0"/>
      <line num="408" count="1" type="stmt"/>
      <line num="410" count="1" type="stmt"/>
      <line num="417" count="2" type="stmt"/>
      <line num="418" count="2" type="stmt"/>
      <line num="421" count="1" type="cond" truecount="3" falsecount="1"/>
      <line num="422" count="1" type="stmt"/>
      <line num="424" count="3" type="stmt"/>
      <line num="425" count="1" type="stmt"/>
      <line num="426" count="50" type="stmt"/>
      <line num="427" count="51" type="stmt"/>
    </file>
  </project>
</coverage>
