{"/Users/danielcampos/Documents/GitHub/CS3250-spring26-daniel-/src/popup.js": {"path":"/Users/danielcampos/Documents/GitHub/CS3250-spring26-daniel-/src/popup.js","statementMap":{"0":{"start":{"line":7,"column":22},"end":{"line":7,"column":26}},"1":{"start":{"line":8,"column":20},"end":{"line":8,"column":24}},"2":{"start":{"line":16,"column":23},"end":{"line":16,"column":63}},"3":{"start":{"line":17,"column":4},"end":{"line":17,"column":28}},"4":{"start":{"line":17,"column":21},"end":{"line":17,"column":28}},"5":{"start":{"line":20,"column":22},"end":{"line":20,"column":55}},"6":{"start":{"line":21,"column":24},"end":{"line":21,"column":69}},"7":{"start":{"line":23,"column":28},"end":{"line":23,"column":77}},"8":{"start":{"line":23,"column":54},"end":{"line":23,"column":76}},"9":{"start":{"line":24,"column":24},"end":{"line":24,"column":52}},"10":{"start":{"line":27,"column":4},"end":{"line":29,"column":5}},"11":{"start":{"line":28,"column":8},"end":{"line":28,"column":54}},"12":{"start":{"line":32,"column":22},"end":{"line":32,"column":24}},"13":{"start":{"line":33,"column":2},"end":{"line":44,"column":5}},"14":{"start":{"line":34,"column":24},"end":{"line":34,"column":53}},"15":{"start":{"line":35,"column":20},"end":{"line":35,"column":68}},"16":{"start":{"line":35,"column":46},"end":{"line":35,"column":67}},"17":{"start":{"line":38,"column":6},"end":{"line":43,"column":7}},"18":{"start":{"line":39,"column":10},"end":{"line":41,"column":11}},"19":{"start":{"line":40,"column":14},"end":{"line":40,"column":42}},"20":{"start":{"line":42,"column":10},"end":{"line":42,"column":45}},"21":{"start":{"line":47,"column":4},"end":{"line":52,"column":5}},"22":{"start":{"line":48,"column":25},"end":{"line":48,"column":52}},"23":{"start":{"line":49,"column":8},"end":{"line":49,"column":38}},"24":{"start":{"line":50,"column":8},"end":{"line":50,"column":54}},"25":{"start":{"line":51,"column":8},"end":{"line":51,"column":41}},"26":{"start":{"line":54,"column":4},"end":{"line":144,"column":5}},"27":{"start":{"line":55,"column":29},"end":{"line":55,"column":58}},"28":{"start":{"line":56,"column":8},"end":{"line":56,"column":51}},"29":{"start":{"line":60,"column":8},"end":{"line":63,"column":11}},"30":{"start":{"line":61,"column":12},"end":{"line":61,"column":31}},"31":{"start":{"line":62,"column":12},"end":{"line":62,"column":52}},"32":{"start":{"line":65,"column":8},"end":{"line":67,"column":11}},"33":{"start":{"line":66,"column":12},"end":{"line":66,"column":55}},"34":{"start":{"line":69,"column":8},"end":{"line":79,"column":11}},"35":{"start":{"line":70,"column":12},"end":{"line":70,"column":31}},"36":{"start":{"line":71,"column":12},"end":{"line":71,"column":55}},"37":{"start":{"line":73,"column":28},"end":{"line":73,"column":64}},"38":{"start":{"line":74,"column":30},"end":{"line":74,"column":65}},"39":{"start":{"line":76,"column":12},"end":{"line":78,"column":13}},"40":{"start":{"line":77,"column":16},"end":{"line":77,"column":70}},"41":{"start":{"line":82,"column":32},"end":{"line":82,"column":61}},"42":{"start":{"line":83,"column":8},"end":{"line":83,"column":61}},"43":{"start":{"line":84,"column":8},"end":{"line":84,"column":47}},"44":{"start":{"line":86,"column":23},"end":{"line":86,"column":55}},"45":{"start":{"line":87,"column":8},"end":{"line":87,"column":42}},"46":{"start":{"line":88,"column":8},"end":{"line":88,"column":32}},"47":{"start":{"line":89,"column":8},"end":{"line":89,"column":84}},"48":{"start":{"line":92,"column":28},"end":{"line":92,"column":60}},"49":{"start":{"line":93,"column":8},"end":{"line":93,"column":38}},"50":{"start":{"line":94,"column":8},"end":{"line":94,"column":51}},"51":{"start":{"line":96,"column":8},"end":{"line":99,"column":10}},"52":{"start":{"line":97,"column":12},"end":{"line":97,"column":32}},"53":{"start":{"line":98,"column":12},"end":{"line":98,"column":41}},"54":{"start":{"line":101,"column":28},"end":{"line":101,"column":57}},"55":{"start":{"line":102,"column":8},"end":{"line":102,"column":48}},"56":{"start":{"line":103,"column":8},"end":{"line":103,"column":43}},"57":{"start":{"line":106,"column":8},"end":{"line":126,"column":11}},"58":{"start":{"line":107,"column":24},"end":{"line":107,"column":53}},"59":{"start":{"line":108,"column":12},"end":{"line":108,"column":45}},"60":{"start":{"line":110,"column":27},"end":{"line":110,"column":57}},"61":{"start":{"line":111,"column":12},"end":{"line":111,"column":45}},"62":{"start":{"line":112,"column":12},"end":{"line":112,"column":37}},"63":{"start":{"line":114,"column":29},"end":{"line":114,"column":49}},"64":{"start":{"line":115,"column":12},"end":{"line":115,"column":38}},"65":{"start":{"line":117,"column":30},"end":{"line":117,"column":62}},"66":{"start":{"line":118,"column":12},"end":{"line":118,"column":40}},"67":{"start":{"line":119,"column":12},"end":{"line":119,"column":52}},"68":{"start":{"line":120,"column":12},"end":{"line":120,"column":77}},"69":{"start":{"line":120,"column":38},"end":{"line":120,"column":76}},"70":{"start":{"line":122,"column":12},"end":{"line":122,"column":36}},"71":{"start":{"line":123,"column":12},"end":{"line":123,"column":38}},"72":{"start":{"line":124,"column":12},"end":{"line":124,"column":39}},"73":{"start":{"line":125,"column":12},"end":{"line":125,"column":41}},"74":{"start":{"line":129,"column":8},"end":{"line":137,"column":11}},"75":{"start":{"line":130,"column":12},"end":{"line":136,"column":13}},"76":{"start":{"line":131,"column":16},"end":{"line":131,"column":52}},"77":{"start":{"line":132,"column":16},"end":{"line":132,"column":47}},"78":{"start":{"line":134,"column":16},"end":{"line":134,"column":51}},"79":{"start":{"line":135,"column":16},"end":{"line":135,"column":92}},"80":{"start":{"line":139,"column":8},"end":{"line":139,"column":44}},"81":{"start":{"line":140,"column":8},"end":{"line":140,"column":49}},"82":{"start":{"line":141,"column":8},"end":{"line":141,"column":50}},"83":{"start":{"line":142,"column":8},"end":{"line":142,"column":46}},"84":{"start":{"line":143,"column":8},"end":{"line":143,"column":45}},"85":{"start":{"line":147,"column":24},"end":{"line":147,"column":52}},"86":{"start":{"line":148,"column":4},"end":{"line":148,"column":49}},"87":{"start":{"line":149,"column":4},"end":{"line":149,"column":40}},"88":{"start":{"line":151,"column":4},"end":{"line":177,"column":7}},"89":{"start":{"line":152,"column":31},"end":{"line":152,"column":71}},"90":{"start":{"line":152,"column":53},"end":{"line":152,"column":70}},"91":{"start":{"line":153,"column":8},"end":{"line":176,"column":9}},"92":{"start":{"line":154,"column":24},"end":{"line":154,"column":53}},"93":{"start":{"line":155,"column":12},"end":{"line":155,"column":45}},"94":{"start":{"line":157,"column":27},"end":{"line":157,"column":57}},"95":{"start":{"line":158,"column":12},"end":{"line":158,"column":45}},"96":{"start":{"line":159,"column":12},"end":{"line":159,"column":37}},"97":{"start":{"line":161,"column":29},"end":{"line":161,"column":49}},"98":{"start":{"line":162,"column":12},"end":{"line":162,"column":38}},"99":{"start":{"line":166,"column":30},"end":{"line":166,"column":62}},"100":{"start":{"line":167,"column":12},"end":{"line":167,"column":40}},"101":{"start":{"line":168,"column":12},"end":{"line":168,"column":52}},"102":{"start":{"line":169,"column":12},"end":{"line":169,"column":52}},"103":{"start":{"line":170,"column":12},"end":{"line":170,"column":56}},"104":{"start":{"line":170,"column":40},"end":{"line":170,"column":53}},"105":{"start":{"line":172,"column":12},"end":{"line":172,"column":36}},"106":{"start":{"line":173,"column":12},"end":{"line":173,"column":38}},"107":{"start":{"line":174,"column":12},"end":{"line":174,"column":39}},"108":{"start":{"line":175,"column":12},"end":{"line":175,"column":40}},"109":{"start":{"line":185,"column":16},"end":{"line":185,"column":48}},"110":{"start":{"line":186,"column":4},"end":{"line":186,"column":33}},"111":{"start":{"line":187,"column":4},"end":{"line":187,"column":35}},"112":{"start":{"line":191,"column":4},"end":{"line":191,"column":25}},"113":{"start":{"line":193,"column":4},"end":{"line":197,"column":7}},"114":{"start":{"line":194,"column":8},"end":{"line":194,"column":55}},"115":{"start":{"line":195,"column":8},"end":{"line":195,"column":56}},"116":{"start":{"line":196,"column":8},"end":{"line":196,"column":38}},"117":{"start":{"line":199,"column":4},"end":{"line":201,"column":7}},"118":{"start":{"line":200,"column":8},"end":{"line":200,"column":41}},"119":{"start":{"line":204,"column":4},"end":{"line":212,"column":7}},"120":{"start":{"line":205,"column":26},"end":{"line":205,"column":59}},"121":{"start":{"line":206,"column":30},"end":{"line":206,"column":82}},"122":{"start":{"line":206,"column":50},"end":{"line":206,"column":81}},"123":{"start":{"line":208,"column":8},"end":{"line":210,"column":9}},"124":{"start":{"line":209,"column":12},"end":{"line":209,"column":47}},"125":{"start":{"line":211,"column":8},"end":{"line":211,"column":60}},"126":{"start":{"line":215,"column":4},"end":{"line":219,"column":7}},"127":{"start":{"line":216,"column":8},"end":{"line":218,"column":9}},"128":{"start":{"line":217,"column":12},"end":{"line":217,"column":71}},"129":{"start":{"line":222,"column":4},"end":{"line":230,"column":7}},"130":{"start":{"line":223,"column":8},"end":{"line":223,"column":31}},"131":{"start":{"line":224,"column":8},"end":{"line":224,"column":30}},"132":{"start":{"line":226,"column":8},"end":{"line":226,"column":60}},"133":{"start":{"line":229,"column":8},"end":{"line":229,"column":65}},"134":{"start":{"line":232,"column":4},"end":{"line":232,"column":15}},"135":{"start":{"line":240,"column":23},"end":{"line":240,"column":66}},"136":{"start":{"line":241,"column":22},"end":{"line":241,"column":45}},"137":{"start":{"line":242,"column":22},"end":{"line":242,"column":55}},"138":{"start":{"line":244,"column":4},"end":{"line":247,"column":5}},"139":{"start":{"line":245,"column":8},"end":{"line":245,"column":62}},"140":{"start":{"line":246,"column":8},"end":{"line":246,"column":15}},"141":{"start":{"line":249,"column":17},"end":{"line":249,"column":62}},"142":{"start":{"line":250,"column":22},"end":{"line":250,"column":43}},"143":{"start":{"line":252,"column":21},"end":{"line":256,"column":5}},"144":{"start":{"line":258,"column":4},"end":{"line":258,"column":29}},"145":{"start":{"line":259,"column":4},"end":{"line":259,"column":63}},"146":{"start":{"line":261,"column":4},"end":{"line":261,"column":58}},"147":{"start":{"line":262,"column":4},"end":{"line":262,"column":22}},"148":{"start":{"line":269,"column":0},"end":{"line":269,"column":63}},"149":{"start":{"line":271,"column":16},"end":{"line":271,"column":51}},"150":{"start":{"line":272,"column":0},"end":{"line":274,"column":1}},"151":{"start":{"line":273,"column":4},"end":{"line":273,"column":49}},"152":{"start":{"line":276,"column":17},"end":{"line":276,"column":52}},"153":{"start":{"line":277,"column":0},"end":{"line":279,"column":1}},"154":{"start":{"line":278,"column":4},"end":{"line":278,"column":61}},"155":{"start":{"line":278,"column":45},"end":{"line":278,"column":59}},"156":{"start":{"line":286,"column":18},"end":{"line":286,"column":64}},"157":{"start":{"line":288,"column":4},"end":{"line":304,"column":5}},"158":{"start":{"line":290,"column":21},"end":{"line":290,"column":66}},"159":{"start":{"line":291,"column":28},"end":{"line":291,"column":49}},"160":{"start":{"line":295,"column":28},"end":{"line":297,"column":10}},"161":{"start":{"line":296,"column":12},"end":{"line":296,"column":73}},"162":{"start":{"line":300,"column":8},"end":{"line":300,"column":69}},"163":{"start":{"line":303,"column":8},"end":{"line":303,"column":26}},"164":{"start":{"line":312,"column":17},"end":{"line":312,"column":62}},"165":{"start":{"line":313,"column":24},"end":{"line":313,"column":45}},"166":{"start":{"line":317,"column":24},"end":{"line":323,"column":6}},"167":{"start":{"line":318,"column":24},"end":{"line":318,"column":44}},"168":{"start":{"line":319,"column":27},"end":{"line":319,"column":80}},"169":{"start":{"line":322,"column":8},"end":{"line":322,"column":38}},"170":{"start":{"line":326,"column":4},"end":{"line":326,"column":65}},"171":{"start":{"line":327,"column":4},"end":{"line":327,"column":22}},"172":{"start":{"line":332,"column":17},"end":{"line":332,"column":62}},"173":{"start":{"line":333,"column":22},"end":{"line":333,"column":43}},"174":{"start":{"line":335,"column":26},"end":{"line":335,"column":70}},"175":{"start":{"line":335,"column":53},"end":{"line":335,"column":69}},"176":{"start":{"line":337,"column":4},"end":{"line":345,"column":5}},"177":{"start":{"line":338,"column":8},"end":{"line":338,"column":59}},"178":{"start":{"line":340,"column":8},"end":{"line":344,"column":11}},"179":{"start":{"line":347,"column":4},"end":{"line":347,"column":65}},"180":{"start":{"line":348,"column":4},"end":{"line":348,"column":22}},"181":{"start":{"line":351,"column":0},"end":{"line":359,"column":1}},"182":{"start":{"line":352,"column":4},"end":{"line":358,"column":6}},"183":{"start":{"line":354,"column":34},"end":{"line":354,"column":49}},"184":{"start":{"line":355,"column":32},"end":{"line":355,"column":45}},"185":{"start":{"line":356,"column":37},"end":{"line":356,"column":57}},"186":{"start":{"line":357,"column":35},"end":{"line":357,"column":53}}},"fnMap":{"0":{"name":"initializePopup","decl":{"start":{"line":15,"column":15},"end":{"line":15,"column":30}},"loc":{"start":{"line":15,"column":33},"end":{"line":178,"column":1}},"line":15},"1":{"name":"(anonymous_1)","decl":{"start":{"line":23,"column":45},"end":{"line":23,"column":46}},"loc":{"start":{"line":23,"column":54},"end":{"line":23,"column":76}},"line":23},"2":{"name":"(anonymous_2)","decl":{"start":{"line":33,"column":22},"end":{"line":33,"column":23}},"loc":{"start":{"line":33,"column":35},"end":{"line":44,"column":3}},"line":33},"3":{"name":"(anonymous_3)","decl":{"start":{"line":35,"column":41},"end":{"line":35,"column":42}},"loc":{"start":{"line":35,"column":46},"end":{"line":35,"column":67}},"line":35},"4":{"name":"(anonymous_4)","decl":{"start":{"line":60,"column":50},"end":{"line":60,"column":51}},"loc":{"start":{"line":60,"column":57},"end":{"line":63,"column":9}},"line":60},"5":{"name":"(anonymous_5)","decl":{"start":{"line":65,"column":51},"end":{"line":65,"column":52}},"loc":{"start":{"line":65,"column":57},"end":{"line":67,"column":9}},"line":65},"6":{"name":"(anonymous_6)","decl":{"start":{"line":69,"column":46},"end":{"line":69,"column":47}},"loc":{"start":{"line":69,"column":59},"end":{"line":79,"column":9}},"line":69},"7":{"name":"(anonymous_7)","decl":{"start":{"line":96,"column":30},"end":{"line":96,"column":31}},"loc":{"start":{"line":96,"column":37},"end":{"line":99,"column":9}},"line":96},"8":{"name":"(anonymous_8)","decl":{"start":{"line":106,"column":39},"end":{"line":106,"column":40}},"loc":{"start":{"line":106,"column":48},"end":{"line":126,"column":9}},"line":106},"9":{"name":"(anonymous_9)","decl":{"start":{"line":120,"column":32},"end":{"line":120,"column":33}},"loc":{"start":{"line":120,"column":38},"end":{"line":120,"column":76}},"line":120},"10":{"name":"(anonymous_10)","decl":{"start":{"line":129,"column":41},"end":{"line":129,"column":42}},"loc":{"start":{"line":129,"column":47},"end":{"line":137,"column":9}},"line":129},"11":{"name":"(anonymous_11)","decl":{"start":{"line":151,"column":28},"end":{"line":151,"column":29}},"loc":{"start":{"line":151,"column":37},"end":{"line":177,"column":5}},"line":151},"12":{"name":"(anonymous_12)","decl":{"start":{"line":152,"column":48},"end":{"line":152,"column":49}},"loc":{"start":{"line":152,"column":53},"end":{"line":152,"column":70}},"line":152},"13":{"name":"(anonymous_13)","decl":{"start":{"line":170,"column":32},"end":{"line":170,"column":33}},"loc":{"start":{"line":170,"column":38},"end":{"line":170,"column":55}},"line":170},"14":{"name":"buildMenuItem","decl":{"start":{"line":184,"column":9},"end":{"line":184,"column":22}},"loc":{"start":{"line":184,"column":30},"end":{"line":233,"column":1}},"line":184},"15":{"name":"(anonymous_15)","decl":{"start":{"line":193,"column":38},"end":{"line":193,"column":39}},"loc":{"start":{"line":193,"column":45},"end":{"line":197,"column":5}},"line":193},"16":{"name":"(anonymous_16)","decl":{"start":{"line":199,"column":36},"end":{"line":199,"column":37}},"loc":{"start":{"line":199,"column":42},"end":{"line":201,"column":5}},"line":199},"17":{"name":"(anonymous_17)","decl":{"start":{"line":204,"column":39},"end":{"line":204,"column":40}},"loc":{"start":{"line":204,"column":51},"end":{"line":212,"column":5}},"line":204},"18":{"name":"(anonymous_18)","decl":{"start":{"line":206,"column":45},"end":{"line":206,"column":46}},"loc":{"start":{"line":206,"column":50},"end":{"line":206,"column":81}},"line":206},"19":{"name":"(anonymous_19)","decl":{"start":{"line":215,"column":39},"end":{"line":215,"column":40}},"loc":{"start":{"line":215,"column":51},"end":{"line":219,"column":5}},"line":215},"20":{"name":"(anonymous_20)","decl":{"start":{"line":222,"column":34},"end":{"line":222,"column":35}},"loc":{"start":{"line":222,"column":46},"end":{"line":230,"column":5}},"line":222},"21":{"name":"saveTheme","decl":{"start":{"line":239,"column":15},"end":{"line":239,"column":24}},"loc":{"start":{"line":239,"column":27},"end":{"line":263,"column":1}},"line":239},"22":{"name":"(anonymous_22)","decl":{"start":{"line":278,"column":39},"end":{"line":278,"column":40}},"loc":{"start":{"line":278,"column":45},"end":{"line":278,"column":59}},"line":278},"23":{"name":"handleDeleteGroup","decl":{"start":{"line":284,"column":15},"end":{"line":284,"column":32}},"loc":{"start":{"line":284,"column":44},"end":{"line":305,"column":1}},"line":284},"24":{"name":"(anonymous_24)","decl":{"start":{"line":295,"column":47},"end":{"line":295,"column":48}},"loc":{"start":{"line":295,"column":63},"end":{"line":297,"column":9}},"line":295},"25":{"name":"handleRemoveTheme","decl":{"start":{"line":310,"column":15},"end":{"line":310,"column":32}},"loc":{"start":{"line":310,"column":53},"end":{"line":328,"column":1}},"line":310},"26":{"name":"(anonymous_26)","decl":{"start":{"line":317,"column":43},"end":{"line":317,"column":44}},"loc":{"start":{"line":317,"column":59},"end":{"line":323,"column":5}},"line":317},"27":{"name":"moveThemeToGroup","decl":{"start":{"line":331,"column":15},"end":{"line":331,"column":31}},"loc":{"start":{"line":331,"column":69},"end":{"line":349,"column":1}},"line":331},"28":{"name":"(anonymous_28)","decl":{"start":{"line":335,"column":48},"end":{"line":335,"column":49}},"loc":{"start":{"line":335,"column":53},"end":{"line":335,"column":69}},"line":335},"29":{"name":"(anonymous_29)","decl":{"start":{"line":354,"column":28},"end":{"line":354,"column":29}},"loc":{"start":{"line":354,"column":34},"end":{"line":354,"column":49}},"line":354},"30":{"name":"(anonymous_30)","decl":{"start":{"line":355,"column":26},"end":{"line":355,"column":27}},"loc":{"start":{"line":355,"column":32},"end":{"line":355,"column":45}},"line":355},"31":{"name":"(anonymous_31)","decl":{"start":{"line":356,"column":28},"end":{"line":356,"column":29}},"loc":{"start":{"line":356,"column":35},"end":{"line":356,"column":59}},"line":356},"32":{"name":"(anonymous_32)","decl":{"start":{"line":357,"column":26},"end":{"line":357,"column":27}},"loc":{"start":{"line":357,"column":33},"end":{"line":357,"column":55}},"line":357}},"branchMap":{"0":{"loc":{"start":{"line":17,"column":4},"end":{"line":17,"column":28}},"type":"if","locations":[{"start":{"line":17,"column":4},"end":{"line":17,"column":28}},{"start":{},"end":{}}],"line":17},"1":{"loc":{"start":{"line":24,"column":24},"end":{"line":24,"column":52}},"type":"binary-expr","locations":[{"start":{"line":24,"column":24},"end":{"line":24,"column":46}},{"start":{"line":24,"column":50},"end":{"line":24,"column":52}}],"line":24},"2":{"loc":{"start":{"line":38,"column":6},"end":{"line":43,"column":7}},"type":"if","locations":[{"start":{"line":38,"column":6},"end":{"line":43,"column":7}},{"start":{},"end":{}}],"line":38},"3":{"loc":{"start":{"line":39,"column":10},"end":{"line":41,"column":11}},"type":"if","locations":[{"start":{"line":39,"column":10},"end":{"line":41,"column":11}},{"start":{},"end":{}}],"line":39},"4":{"loc":{"start":{"line":47,"column":4},"end":{"line":52,"column":5}},"type":"if","locations":[{"start":{"line":47,"column":4},"end":{"line":52,"column":5}},{"start":{},"end":{}}],"line":47},"5":{"loc":{"start":{"line":76,"column":12},"end":{"line":78,"column":13}},"type":"if","locations":[{"start":{"line":76,"column":12},"end":{"line":78,"column":13}},{"start":{},"end":{}}],"line":76},"6":{"loc":{"start":{"line":130,"column":12},"end":{"line":136,"column":13}},"type":"if","locations":[{"start":{"line":130,"column":12},"end":{"line":136,"column":13}},{"start":{"line":133,"column":19},"end":{"line":136,"column":13}}],"line":130},"7":{"loc":{"start":{"line":153,"column":8},"end":{"line":176,"column":9}},"type":"if","locations":[{"start":{"line":153,"column":8},"end":{"line":176,"column":9}},{"start":{},"end":{}}],"line":153},"8":{"loc":{"start":{"line":206,"column":50},"end":{"line":206,"column":81}},"type":"binary-expr","locations":[{"start":{"line":206,"column":50},"end":{"line":206,"column":68}},{"start":{"line":206,"column":72},"end":{"line":206,"column":81}}],"line":206},"9":{"loc":{"start":{"line":208,"column":8},"end":{"line":210,"column":9}},"type":"if","locations":[{"start":{"line":208,"column":8},"end":{"line":210,"column":9}},{"start":{},"end":{}}],"line":208},"10":{"loc":{"start":{"line":208,"column":12},"end":{"line":208,"column":58}},"type":"binary-expr","locations":[{"start":{"line":208,"column":12},"end":{"line":208,"column":25}},{"start":{"line":208,"column":29},"end":{"line":208,"column":58}}],"line":208},"11":{"loc":{"start":{"line":216,"column":8},"end":{"line":218,"column":9}},"type":"if","locations":[{"start":{"line":216,"column":8},"end":{"line":218,"column":9}},{"start":{},"end":{}}],"line":216},"12":{"loc":{"start":{"line":241,"column":22},"end":{"line":241,"column":45}},"type":"binary-expr","locations":[{"start":{"line":241,"column":22},"end":{"line":241,"column":32}},{"start":{"line":241,"column":36},"end":{"line":241,"column":45}}],"line":241},"13":{"loc":{"start":{"line":244,"column":4},"end":{"line":247,"column":5}},"type":"if","locations":[{"start":{"line":244,"column":4},"end":{"line":247,"column":5}},{"start":{},"end":{}}],"line":244},"14":{"loc":{"start":{"line":250,"column":22},"end":{"line":250,"column":43}},"type":"binary-expr","locations":[{"start":{"line":250,"column":22},"end":{"line":250,"column":37}},{"start":{"line":250,"column":41},"end":{"line":250,"column":43}}],"line":250},"15":{"loc":{"start":{"line":272,"column":0},"end":{"line":274,"column":1}},"type":"if","locations":[{"start":{"line":272,"column":0},"end":{"line":274,"column":1}},{"start":{},"end":{}}],"line":272},"16":{"loc":{"start":{"line":277,"column":0},"end":{"line":279,"column":1}},"type":"if","locations":[{"start":{"line":277,"column":0},"end":{"line":279,"column":1}},{"start":{},"end":{}}],"line":277},"17":{"loc":{"start":{"line":288,"column":4},"end":{"line":304,"column":5}},"type":"if","locations":[{"start":{"line":288,"column":4},"end":{"line":304,"column":5}},{"start":{},"end":{}}],"line":288},"18":{"loc":{"start":{"line":291,"column":28},"end":{"line":291,"column":49}},"type":"binary-expr","locations":[{"start":{"line":291,"column":28},"end":{"line":291,"column":43}},{"start":{"line":291,"column":47},"end":{"line":291,"column":49}}],"line":291},"19":{"loc":{"start":{"line":313,"column":24},"end":{"line":313,"column":45}},"type":"binary-expr","locations":[{"start":{"line":313,"column":24},"end":{"line":313,"column":39}},{"start":{"line":313,"column":43},"end":{"line":313,"column":45}}],"line":313},"20":{"loc":{"start":{"line":322,"column":17},"end":{"line":322,"column":36}},"type":"binary-expr","locations":[{"start":{"line":322,"column":17},"end":{"line":322,"column":23}},{"start":{"line":322,"column":27},"end":{"line":322,"column":36}}],"line":322},"21":{"loc":{"start":{"line":333,"column":22},"end":{"line":333,"column":43}},"type":"binary-expr","locations":[{"start":{"line":333,"column":22},"end":{"line":333,"column":37}},{"start":{"line":333,"column":41},"end":{"line":333,"column":43}}],"line":333},"22":{"loc":{"start":{"line":337,"column":4},"end":{"line":345,"column":5}},"type":"if","locations":[{"start":{"line":337,"column":4},"end":{"line":345,"column":5}},{"start":{"line":339,"column":11},"end":{"line":345,"column":5}}],"line":337},"23":{"loc":{"start":{"line":351,"column":0},"end":{"line":359,"column":1}},"type":"if","locations":[{"start":{"line":351,"column":0},"end":{"line":359,"column":1}},{"start":{},"end":{}}],"line":351},"24":{"loc":{"start":{"line":351,"column":4},"end":{"line":351,"column":51}},"type":"binary-expr","locations":[{"start":{"line":351,"column":4},"end":{"line":351,"column":33}},{"start":{"line":351,"column":37},"end":{"line":351,"column":51}}],"line":351}},"s":{"0":1,"1":1,"2":35,"3":35,"4":1,"5":34,"6":34,"7":34,"8":20,"9":34,"10":34,"11":7,"12":34,"13":34,"14":29,"15":29,"16":18,"17":29,"18":15,"19":15,"20":15,"21":34,"22":20,"23":20,"24":20,"25":20,"26":34,"27":15,"28":15,"29":15,"30":1,"31":1,"32":15,"33":1,"34":15,"35":3,"36":3,"37":3,"38":3,"39":3,"40":2,"41":15,"42":15,"43":15,"44":15,"45":15,"46":15,"47":15,"48":15,"49":15,"50":15,"51":15,"52":2,"53":2,"54":15,"55":15,"56":15,"57":15,"58":15,"59":15,"60":15,"61":15,"62":15,"63":15,"64":15,"65":15,"66":15,"67":15,"68":15,"69":1,"70":15,"71":15,"72":15,"73":15,"74":15,"75":3,"76":2,"77":2,"78":1,"79":1,"80":15,"81":15,"82":15,"83":15,"84":15,"85":34,"86":34,"87":34,"88":34,"89":19,"90":17,"91":19,"92":4,"93":4,"94":4,"95":4,"96":4,"97":4,"98":4,"99":4,"100":4,"101":4,"102":4,"103":4,"104":0,"105":4,"106":4,"107":4,"108":4,"109":30,"110":30,"111":30,"112":30,"113":30,"114":1,"115":1,"116":1,"117":30,"118":1,"119":30,"120":4,"121":4,"122":4,"123":4,"124":2,"125":4,"126":30,"127":2,"128":1,"129":30,"130":3,"131":3,"132":3,"133":3,"134":30,"135":6,"136":6,"137":6,"138":6,"139":1,"140":1,"141":5,"142":5,"143":5,"144":5,"145":5,"146":5,"147":5,"148":1,"149":1,"150":1,"151":1,"152":1,"153":1,"154":1,"155":0,"156":6,"157":6,"158":3,"159":3,"160":3,"161":4,"162":3,"163":3,"164":6,"165":6,"166":6,"167":8,"168":8,"169":8,"170":6,"171":6,"172":2,"173":2,"174":2,"175":2,"176":2,"177":1,"178":1,"179":2,"180":2,"181":1,"182":1,"183":3,"184":1,"185":50,"186":51},"f":{"0":35,"1":20,"2":29,"3":18,"4":1,"5":1,"6":3,"7":2,"8":15,"9":1,"10":3,"11":19,"12":17,"13":0,"14":30,"15":1,"16":1,"17":4,"18":4,"19":2,"20":3,"21":6,"22":0,"23":6,"24":4,"25":6,"26":8,"27":2,"28":2,"29":3,"30":1,"31":50,"32":51},"b":{"0":[1,34],"1":[34,1],"2":[15,14],"3":[15,0],"4":[20,14],"5":[2,1],"6":[2,1],"7":[4,15],"8":[4,4],"9":[2,2],"10":[4,3],"11":[1,1],"12":[6,2],"13":[1,5],"14":[5,1],"15":[1,0],"16":[1,0],"17":[3,3],"18":[3,1],"19":[6,1],"20":[8,5],"21":[2,0],"22":[1,1],"23":[1,0],"24":[1,1]},"_coverageSchema":"1a1c01bbd47fc00a2c39e90264f33305004495a9","hash":"76faa8ced40972ca9c5ea72a95281411fee05b70"}
}
