{"/Users/danielcampos/Documents/GitHub/CS3250-spring26-daniel-/src/popup.js": {"path":"/Users/danielcampos/Documents/GitHub/CS3250-spring26-daniel-/src/popup.js","statementMap":{"0":{"start":{"line":26,"column":22},"end":{"line":26,"column":26}},"1":{"start":{"line":27,"column":20},"end":{"line":27,"column":24}},"2":{"start":{"line":45,"column":23},"end":{"line":45,"column":63}},"3":{"start":{"line":46,"column":4},"end":{"line":46,"column":28}},"4":{"start":{"line":46,"column":21},"end":{"line":46,"column":28}},"5":{"start":{"line":49,"column":22},"end":{"line":49,"column":55}},"6":{"start":{"line":50,"column":24},"end":{"line":50,"column":69}},"7":{"start":{"line":52,"column":28},"end":{"line":52,"column":77}},"8":{"start":{"line":52,"column":54},"end":{"line":52,"column":76}},"9":{"start":{"line":53,"column":24},"end":{"line":53,"column":52}},"10":{"start":{"line":56,"column":4},"end":{"line":58,"column":5}},"11":{"start":{"line":57,"column":8},"end":{"line":57,"column":54}},"12":{"start":{"line":63,"column":22},"end":{"line":63,"column":24}},"13":{"start":{"line":64,"column":2},"end":{"line":75,"column":5}},"14":{"start":{"line":65,"column":24},"end":{"line":65,"column":53}},"15":{"start":{"line":66,"column":20},"end":{"line":66,"column":68}},"16":{"start":{"line":66,"column":46},"end":{"line":66,"column":67}},"17":{"start":{"line":69,"column":6},"end":{"line":74,"column":7}},"18":{"start":{"line":70,"column":10},"end":{"line":72,"column":11}},"19":{"start":{"line":71,"column":14},"end":{"line":71,"column":42}},"20":{"start":{"line":73,"column":10},"end":{"line":73,"column":45}},"21":{"start":{"line":78,"column":4},"end":{"line":83,"column":5}},"22":{"start":{"line":79,"column":25},"end":{"line":79,"column":52}},"23":{"start":{"line":80,"column":8},"end":{"line":80,"column":38}},"24":{"start":{"line":81,"column":8},"end":{"line":81,"column":54}},"25":{"start":{"line":82,"column":8},"end":{"line":82,"column":41}},"26":{"start":{"line":85,"column":4},"end":{"line":175,"column":5}},"27":{"start":{"line":86,"column":29},"end":{"line":86,"column":58}},"28":{"start":{"line":87,"column":8},"end":{"line":87,"column":51}},"29":{"start":{"line":91,"column":8},"end":{"line":94,"column":11}},"30":{"start":{"line":92,"column":12},"end":{"line":92,"column":31}},"31":{"start":{"line":93,"column":12},"end":{"line":93,"column":52}},"32":{"start":{"line":96,"column":8},"end":{"line":98,"column":11}},"33":{"start":{"line":97,"column":12},"end":{"line":97,"column":55}},"34":{"start":{"line":100,"column":8},"end":{"line":110,"column":11}},"35":{"start":{"line":101,"column":12},"end":{"line":101,"column":31}},"36":{"start":{"line":102,"column":12},"end":{"line":102,"column":55}},"37":{"start":{"line":104,"column":28},"end":{"line":104,"column":64}},"38":{"start":{"line":105,"column":30},"end":{"line":105,"column":65}},"39":{"start":{"line":107,"column":12},"end":{"line":109,"column":13}},"40":{"start":{"line":108,"column":16},"end":{"line":108,"column":70}},"41":{"start":{"line":113,"column":32},"end":{"line":113,"column":61}},"42":{"start":{"line":114,"column":8},"end":{"line":114,"column":61}},"43":{"start":{"line":115,"column":8},"end":{"line":115,"column":47}},"44":{"start":{"line":117,"column":23},"end":{"line":117,"column":55}},"45":{"start":{"line":118,"column":8},"end":{"line":118,"column":42}},"46":{"start":{"line":119,"column":8},"end":{"line":119,"column":32}},"47":{"start":{"line":120,"column":8},"end":{"line":120,"column":84}},"48":{"start":{"line":123,"column":28},"end":{"line":123,"column":60}},"49":{"start":{"line":124,"column":8},"end":{"line":124,"column":38}},"50":{"start":{"line":125,"column":8},"end":{"line":125,"column":51}},"51":{"start":{"line":127,"column":8},"end":{"line":130,"column":10}},"52":{"start":{"line":128,"column":12},"end":{"line":128,"column":32}},"53":{"start":{"line":129,"column":12},"end":{"line":129,"column":41}},"54":{"start":{"line":132,"column":28},"end":{"line":132,"column":57}},"55":{"start":{"line":133,"column":8},"end":{"line":133,"column":48}},"56":{"start":{"line":134,"column":8},"end":{"line":134,"column":43}},"57":{"start":{"line":137,"column":8},"end":{"line":157,"column":11}},"58":{"start":{"line":138,"column":24},"end":{"line":138,"column":53}},"59":{"start":{"line":139,"column":12},"end":{"line":139,"column":45}},"60":{"start":{"line":141,"column":27},"end":{"line":141,"column":57}},"61":{"start":{"line":142,"column":12},"end":{"line":142,"column":45}},"62":{"start":{"line":143,"column":12},"end":{"line":143,"column":37}},"63":{"start":{"line":145,"column":29},"end":{"line":145,"column":49}},"64":{"start":{"line":146,"column":12},"end":{"line":146,"column":38}},"65":{"start":{"line":148,"column":30},"end":{"line":148,"column":62}},"66":{"start":{"line":149,"column":12},"end":{"line":149,"column":40}},"67":{"start":{"line":150,"column":12},"end":{"line":150,"column":52}},"68":{"start":{"line":151,"column":12},"end":{"line":151,"column":77}},"69":{"start":{"line":151,"column":38},"end":{"line":151,"column":76}},"70":{"start":{"line":153,"column":12},"end":{"line":153,"column":36}},"71":{"start":{"line":154,"column":12},"end":{"line":154,"column":38}},"72":{"start":{"line":155,"column":12},"end":{"line":155,"column":39}},"73":{"start":{"line":156,"column":12},"end":{"line":156,"column":41}},"74":{"start":{"line":160,"column":8},"end":{"line":168,"column":11}},"75":{"start":{"line":161,"column":12},"end":{"line":167,"column":13}},"76":{"start":{"line":162,"column":16},"end":{"line":162,"column":52}},"77":{"start":{"line":163,"column":16},"end":{"line":163,"column":47}},"78":{"start":{"line":165,"column":16},"end":{"line":165,"column":51}},"79":{"start":{"line":166,"column":16},"end":{"line":166,"column":92}},"80":{"start":{"line":170,"column":8},"end":{"line":170,"column":44}},"81":{"start":{"line":171,"column":8},"end":{"line":171,"column":49}},"82":{"start":{"line":172,"column":8},"end":{"line":172,"column":50}},"83":{"start":{"line":173,"column":8},"end":{"line":173,"column":46}},"84":{"start":{"line":174,"column":8},"end":{"line":174,"column":45}},"85":{"start":{"line":178,"column":24},"end":{"line":178,"column":52}},"86":{"start":{"line":179,"column":4},"end":{"line":179,"column":49}},"87":{"start":{"line":180,"column":4},"end":{"line":180,"column":40}},"88":{"start":{"line":182,"column":4},"end":{"line":208,"column":7}},"89":{"start":{"line":183,"column":31},"end":{"line":183,"column":71}},"90":{"start":{"line":183,"column":53},"end":{"line":183,"column":70}},"91":{"start":{"line":184,"column":8},"end":{"line":207,"column":9}},"92":{"start":{"line":185,"column":24},"end":{"line":185,"column":53}},"93":{"start":{"line":186,"column":12},"end":{"line":186,"column":45}},"94":{"start":{"line":188,"column":27},"end":{"line":188,"column":57}},"95":{"start":{"line":189,"column":12},"end":{"line":189,"column":45}},"96":{"start":{"line":190,"column":12},"end":{"line":190,"column":37}},"97":{"start":{"line":192,"column":29},"end":{"line":192,"column":49}},"98":{"start":{"line":193,"column":12},"end":{"line":193,"column":38}},"99":{"start":{"line":197,"column":30},"end":{"line":197,"column":62}},"100":{"start":{"line":198,"column":12},"end":{"line":198,"column":40}},"101":{"start":{"line":199,"column":12},"end":{"line":199,"column":52}},"102":{"start":{"line":200,"column":12},"end":{"line":200,"column":52}},"103":{"start":{"line":201,"column":12},"end":{"line":201,"column":56}},"104":{"start":{"line":201,"column":40},"end":{"line":201,"column":53}},"105":{"start":{"line":203,"column":12},"end":{"line":203,"column":36}},"106":{"start":{"line":204,"column":12},"end":{"line":204,"column":38}},"107":{"start":{"line":205,"column":12},"end":{"line":205,"column":39}},"108":{"start":{"line":206,"column":12},"end":{"line":206,"column":40}},"109":{"start":{"line":225,"column":16},"end":{"line":225,"column":48}},"110":{"start":{"line":226,"column":4},"end":{"line":226,"column":33}},"111":{"start":{"line":227,"column":4},"end":{"line":227,"column":35}},"112":{"start":{"line":231,"column":4},"end":{"line":231,"column":25}},"113":{"start":{"line":233,"column":4},"end":{"line":237,"column":7}},"114":{"start":{"line":234,"column":8},"end":{"line":234,"column":55}},"115":{"start":{"line":235,"column":8},"end":{"line":235,"column":56}},"116":{"start":{"line":236,"column":8},"end":{"line":236,"column":38}},"117":{"start":{"line":239,"column":4},"end":{"line":241,"column":7}},"118":{"start":{"line":240,"column":8},"end":{"line":240,"column":41}},"119":{"start":{"line":244,"column":4},"end":{"line":252,"column":7}},"120":{"start":{"line":245,"column":26},"end":{"line":245,"column":59}},"121":{"start":{"line":246,"column":30},"end":{"line":246,"column":82}},"122":{"start":{"line":246,"column":50},"end":{"line":246,"column":81}},"123":{"start":{"line":248,"column":8},"end":{"line":250,"column":9}},"124":{"start":{"line":249,"column":12},"end":{"line":249,"column":47}},"125":{"start":{"line":251,"column":8},"end":{"line":251,"column":60}},"126":{"start":{"line":255,"column":4},"end":{"line":259,"column":7}},"127":{"start":{"line":256,"column":8},"end":{"line":258,"column":9}},"128":{"start":{"line":257,"column":12},"end":{"line":257,"column":71}},"129":{"start":{"line":262,"column":4},"end":{"line":270,"column":7}},"130":{"start":{"line":263,"column":8},"end":{"line":263,"column":31}},"131":{"start":{"line":264,"column":8},"end":{"line":264,"column":30}},"132":{"start":{"line":266,"column":8},"end":{"line":266,"column":60}},"133":{"start":{"line":269,"column":8},"end":{"line":269,"column":65}},"134":{"start":{"line":272,"column":4},"end":{"line":272,"column":15}},"135":{"start":{"line":290,"column":23},"end":{"line":290,"column":66}},"136":{"start":{"line":291,"column":22},"end":{"line":291,"column":45}},"137":{"start":{"line":292,"column":22},"end":{"line":292,"column":55}},"138":{"start":{"line":294,"column":4},"end":{"line":297,"column":5}},"139":{"start":{"line":295,"column":8},"end":{"line":295,"column":62}},"140":{"start":{"line":296,"column":8},"end":{"line":296,"column":15}},"141":{"start":{"line":299,"column":17},"end":{"line":299,"column":62}},"142":{"start":{"line":300,"column":22},"end":{"line":300,"column":43}},"143":{"start":{"line":302,"column":21},"end":{"line":306,"column":5}},"144":{"start":{"line":308,"column":4},"end":{"line":308,"column":29}},"145":{"start":{"line":309,"column":4},"end":{"line":309,"column":63}},"146":{"start":{"line":311,"column":4},"end":{"line":311,"column":58}},"147":{"start":{"line":312,"column":4},"end":{"line":312,"column":22}},"148":{"start":{"line":319,"column":0},"end":{"line":319,"column":63}},"149":{"start":{"line":321,"column":16},"end":{"line":321,"column":51}},"150":{"start":{"line":322,"column":0},"end":{"line":324,"column":1}},"151":{"start":{"line":323,"column":4},"end":{"line":323,"column":49}},"152":{"start":{"line":326,"column":17},"end":{"line":326,"column":52}},"153":{"start":{"line":327,"column":0},"end":{"line":329,"column":1}},"154":{"start":{"line":328,"column":4},"end":{"line":328,"column":61}},"155":{"start":{"line":328,"column":45},"end":{"line":328,"column":59}},"156":{"start":{"line":341,"column":18},"end":{"line":341,"column":64}},"157":{"start":{"line":343,"column":4},"end":{"line":359,"column":5}},"158":{"start":{"line":345,"column":21},"end":{"line":345,"column":66}},"159":{"start":{"line":346,"column":28},"end":{"line":346,"column":49}},"160":{"start":{"line":350,"column":28},"end":{"line":352,"column":10}},"161":{"start":{"line":351,"column":12},"end":{"line":351,"column":73}},"162":{"start":{"line":355,"column":8},"end":{"line":355,"column":69}},"163":{"start":{"line":358,"column":8},"end":{"line":358,"column":26}},"164":{"start":{"line":373,"column":17},"end":{"line":373,"column":62}},"165":{"start":{"line":374,"column":24},"end":{"line":374,"column":45}},"166":{"start":{"line":378,"column":24},"end":{"line":384,"column":6}},"167":{"start":{"line":379,"column":24},"end":{"line":379,"column":44}},"168":{"start":{"line":380,"column":27},"end":{"line":380,"column":80}},"169":{"start":{"line":383,"column":8},"end":{"line":383,"column":38}},"170":{"start":{"line":387,"column":4},"end":{"line":387,"column":65}},"171":{"start":{"line":388,"column":4},"end":{"line":388,"column":22}},"172":{"start":{"line":402,"column":17},"end":{"line":402,"column":62}},"173":{"start":{"line":403,"column":22},"end":{"line":403,"column":43}},"174":{"start":{"line":405,"column":26},"end":{"line":405,"column":70}},"175":{"start":{"line":405,"column":53},"end":{"line":405,"column":69}},"176":{"start":{"line":407,"column":4},"end":{"line":415,"column":5}},"177":{"start":{"line":408,"column":8},"end":{"line":408,"column":59}},"178":{"start":{"line":410,"column":8},"end":{"line":414,"column":11}},"179":{"start":{"line":417,"column":4},"end":{"line":417,"column":65}},"180":{"start":{"line":418,"column":4},"end":{"line":418,"column":22}},"181":{"start":{"line":421,"column":0},"end":{"line":429,"column":1}},"182":{"start":{"line":422,"column":4},"end":{"line":428,"column":6}},"183":{"start":{"line":424,"column":34},"end":{"line":424,"column":49}},"184":{"start":{"line":425,"column":32},"end":{"line":425,"column":45}},"185":{"start":{"line":426,"column":37},"end":{"line":426,"column":57}},"186":{"start":{"line":427,"column":35},"end":{"line":427,"column":53}}},"fnMap":{"0":{"name":"initializePopup","decl":{"start":{"line":44,"column":15},"end":{"line":44,"column":30}},"loc":{"start":{"line":44,"column":33},"end":{"line":209,"column":1}},"line":44},"1":{"name":"(anonymous_1)","decl":{"start":{"line":52,"column":45},"end":{"line":52,"column":46}},"loc":{"start":{"line":52,"column":54},"end":{"line":52,"column":76}},"line":52},"2":{"name":"(anonymous_2)","decl":{"start":{"line":64,"column":22},"end":{"line":64,"column":23}},"loc":{"start":{"line":64,"column":35},"end":{"line":75,"column":3}},"line":64},"3":{"name":"(anonymous_3)","decl":{"start":{"line":66,"column":41},"end":{"line":66,"column":42}},"loc":{"start":{"line":66,"column":46},"end":{"line":66,"column":67}},"line":66},"4":{"name":"(anonymous_4)","decl":{"start":{"line":91,"column":50},"end":{"line":91,"column":51}},"loc":{"start":{"line":91,"column":57},"end":{"line":94,"column":9}},"line":91},"5":{"name":"(anonymous_5)","decl":{"start":{"line":96,"column":51},"end":{"line":96,"column":52}},"loc":{"start":{"line":96,"column":57},"end":{"line":98,"column":9}},"line":96},"6":{"name":"(anonymous_6)","decl":{"start":{"line":100,"column":46},"end":{"line":100,"column":47}},"loc":{"start":{"line":100,"column":59},"end":{"line":110,"column":9}},"line":100},"7":{"name":"(anonymous_7)","decl":{"start":{"line":127,"column":30},"end":{"line":127,"column":31}},"loc":{"start":{"line":127,"column":37},"end":{"line":130,"column":9}},"line":127},"8":{"name":"(anonymous_8)","decl":{"start":{"line":137,"column":39},"end":{"line":137,"column":40}},"loc":{"start":{"line":137,"column":48},"end":{"line":157,"column":9}},"line":137},"9":{"name":"(anonymous_9)","decl":{"start":{"line":151,"column":32},"end":{"line":151,"column":33}},"loc":{"start":{"line":151,"column":38},"end":{"line":151,"column":76}},"line":151},"10":{"name":"(anonymous_10)","decl":{"start":{"line":160,"column":41},"end":{"line":160,"column":42}},"loc":{"start":{"line":160,"column":47},"end":{"line":168,"column":9}},"line":160},"11":{"name":"(anonymous_11)","decl":{"start":{"line":182,"column":28},"end":{"line":182,"column":29}},"loc":{"start":{"line":182,"column":37},"end":{"line":208,"column":5}},"line":182},"12":{"name":"(anonymous_12)","decl":{"start":{"line":183,"column":48},"end":{"line":183,"column":49}},"loc":{"start":{"line":183,"column":53},"end":{"line":183,"column":70}},"line":183},"13":{"name":"(anonymous_13)","decl":{"start":{"line":201,"column":32},"end":{"line":201,"column":33}},"loc":{"start":{"line":201,"column":38},"end":{"line":201,"column":55}},"line":201},"14":{"name":"buildMenuItem","decl":{"start":{"line":224,"column":9},"end":{"line":224,"column":22}},"loc":{"start":{"line":224,"column":30},"end":{"line":273,"column":1}},"line":224},"15":{"name":"(anonymous_15)","decl":{"start":{"line":233,"column":38},"end":{"line":233,"column":39}},"loc":{"start":{"line":233,"column":45},"end":{"line":237,"column":5}},"line":233},"16":{"name":"(anonymous_16)","decl":{"start":{"line":239,"column":36},"end":{"line":239,"column":37}},"loc":{"start":{"line":239,"column":42},"end":{"line":241,"column":5}},"line":239},"17":{"name":"(anonymous_17)","decl":{"start":{"line":244,"column":39},"end":{"line":244,"column":40}},"loc":{"start":{"line":244,"column":51},"end":{"line":252,"column":5}},"line":244},"18":{"name":"(anonymous_18)","decl":{"start":{"line":246,"column":45},"end":{"line":246,"column":46}},"loc":{"start":{"line":246,"column":50},"end":{"line":246,"column":81}},"line":246},"19":{"name":"(anonymous_19)","decl":{"start":{"line":255,"column":39},"end":{"line":255,"column":40}},"loc":{"start":{"line":255,"column":51},"end":{"line":259,"column":5}},"line":255},"20":{"name":"(anonymous_20)","decl":{"start":{"line":262,"column":34},"end":{"line":262,"column":35}},"loc":{"start":{"line":262,"column":46},"end":{"line":270,"column":5}},"line":262},"21":{"name":"saveTheme","decl":{"start":{"line":289,"column":15},"end":{"line":289,"column":24}},"loc":{"start":{"line":289,"column":27},"end":{"line":313,"column":1}},"line":289},"22":{"name":"(anonymous_22)","decl":{"start":{"line":328,"column":39},"end":{"line":328,"column":40}},"loc":{"start":{"line":328,"column":45},"end":{"line":328,"column":59}},"line":328},"23":{"name":"handleDeleteGroup","decl":{"start":{"line":339,"column":15},"end":{"line":339,"column":32}},"loc":{"start":{"line":339,"column":44},"end":{"line":360,"column":1}},"line":339},"24":{"name":"(anonymous_24)","decl":{"start":{"line":350,"column":47},"end":{"line":350,"column":48}},"loc":{"start":{"line":350,"column":63},"end":{"line":352,"column":9}},"line":350},"25":{"name":"handleRemoveTheme","decl":{"start":{"line":371,"column":15},"end":{"line":371,"column":32}},"loc":{"start":{"line":371,"column":53},"end":{"line":389,"column":1}},"line":371},"26":{"name":"(anonymous_26)","decl":{"start":{"line":378,"column":43},"end":{"line":378,"column":44}},"loc":{"start":{"line":378,"column":59},"end":{"line":384,"column":5}},"line":378},"27":{"name":"moveThemeToGroup","decl":{"start":{"line":401,"column":15},"end":{"line":401,"column":31}},"loc":{"start":{"line":401,"column":69},"end":{"line":419,"column":1}},"line":401},"28":{"name":"(anonymous_28)","decl":{"start":{"line":405,"column":48},"end":{"line":405,"column":49}},"loc":{"start":{"line":405,"column":53},"end":{"line":405,"column":69}},"line":405},"29":{"name":"(anonymous_29)","decl":{"start":{"line":424,"column":28},"end":{"line":424,"column":29}},"loc":{"start":{"line":424,"column":34},"end":{"line":424,"column":49}},"line":424},"30":{"name":"(anonymous_30)","decl":{"start":{"line":425,"column":26},"end":{"line":425,"column":27}},"loc":{"start":{"line":425,"column":32},"end":{"line":425,"column":45}},"line":425},"31":{"name":"(anonymous_31)","decl":{"start":{"line":426,"column":28},"end":{"line":426,"column":29}},"loc":{"start":{"line":426,"column":35},"end":{"line":426,"column":59}},"line":426},"32":{"name":"(anonymous_32)","decl":{"start":{"line":427,"column":26},"end":{"line":427,"column":27}},"loc":{"start":{"line":427,"column":33},"end":{"line":427,"column":55}},"line":427}},"branchMap":{"0":{"loc":{"start":{"line":46,"column":4},"end":{"line":46,"column":28}},"type":"if","locations":[{"start":{"line":46,"column":4},"end":{"line":46,"column":28}},{"start":{},"end":{}}],"line":46},"1":{"loc":{"start":{"line":53,"column":24},"end":{"line":53,"column":52}},"type":"binary-expr","locations":[{"start":{"line":53,"column":24},"end":{"line":53,"column":46}},{"start":{"line":53,"column":50},"end":{"line":53,"column":52}}],"line":53},"2":{"loc":{"start":{"line":69,"column":6},"end":{"line":74,"column":7}},"type":"if","locations":[{"start":{"line":69,"column":6},"end":{"line":74,"column":7}},{"start":{},"end":{}}],"line":69},"3":{"loc":{"start":{"line":70,"column":10},"end":{"line":72,"column":11}},"type":"if","locations":[{"start":{"line":70,"column":10},"end":{"line":72,"column":11}},{"start":{},"end":{}}],"line":70},"4":{"loc":{"start":{"line":78,"column":4},"end":{"line":83,"column":5}},"type":"if","locations":[{"start":{"line":78,"column":4},"end":{"line":83,"column":5}},{"start":{},"end":{}}],"line":78},"5":{"loc":{"start":{"line":107,"column":12},"end":{"line":109,"column":13}},"type":"if","locations":[{"start":{"line":107,"column":12},"end":{"line":109,"column":13}},{"start":{},"end":{}}],"line":107},"6":{"loc":{"start":{"line":161,"column":12},"end":{"line":167,"column":13}},"type":"if","locations":[{"start":{"line":161,"column":12},"end":{"line":167,"column":13}},{"start":{"line":164,"column":19},"end":{"line":167,"column":13}}],"line":161},"7":{"loc":{"start":{"line":184,"column":8},"end":{"line":207,"column":9}},"type":"if","locations":[{"start":{"line":184,"column":8},"end":{"line":207,"column":9}},{"start":{},"end":{}}],"line":184},"8":{"loc":{"start":{"line":246,"column":50},"end":{"line":246,"column":81}},"type":"binary-expr","locations":[{"start":{"line":246,"column":50},"end":{"line":246,"column":68}},{"start":{"line":246,"column":72},"end":{"line":246,"column":81}}],"line":246},"9":{"loc":{"start":{"line":248,"column":8},"end":{"line":250,"column":9}},"type":"if","locations":[{"start":{"line":248,"column":8},"end":{"line":250,"column":9}},{"start":{},"end":{}}],"line":248},"10":{"loc":{"start":{"line":248,"column":12},"end":{"line":248,"column":58}},"type":"binary-expr","locations":[{"start":{"line":248,"column":12},"end":{"line":248,"column":25}},{"start":{"line":248,"column":29},"end":{"line":248,"column":58}}],"line":248},"11":{"loc":{"start":{"line":256,"column":8},"end":{"line":258,"column":9}},"type":"if","locations":[{"start":{"line":256,"column":8},"end":{"line":258,"column":9}},{"start":{},"end":{}}],"line":256},"12":{"loc":{"start":{"line":291,"column":22},"end":{"line":291,"column":45}},"type":"binary-expr","locations":[{"start":{"line":291,"column":22},"end":{"line":291,"column":32}},{"start":{"line":291,"column":36},"end":{"line":291,"column":45}}],"line":291},"13":{"loc":{"start":{"line":294,"column":4},"end":{"line":297,"column":5}},"type":"if","locations":[{"start":{"line":294,"column":4},"end":{"line":297,"column":5}},{"start":{},"end":{}}],"line":294},"14":{"loc":{"start":{"line":300,"column":22},"end":{"line":300,"column":43}},"type":"binary-expr","locations":[{"start":{"line":300,"column":22},"end":{"line":300,"column":37}},{"start":{"line":300,"column":41},"end":{"line":300,"column":43}}],"line":300},"15":{"loc":{"start":{"line":322,"column":0},"end":{"line":324,"column":1}},"type":"if","locations":[{"start":{"line":322,"column":0},"end":{"line":324,"column":1}},{"start":{},"end":{}}],"line":322},"16":{"loc":{"start":{"line":327,"column":0},"end":{"line":329,"column":1}},"type":"if","locations":[{"start":{"line":327,"column":0},"end":{"line":329,"column":1}},{"start":{},"end":{}}],"line":327},"17":{"loc":{"start":{"line":343,"column":4},"end":{"line":359,"column":5}},"type":"if","locations":[{"start":{"line":343,"column":4},"end":{"line":359,"column":5}},{"start":{},"end":{}}],"line":343},"18":{"loc":{"start":{"line":346,"column":28},"end":{"line":346,"column":49}},"type":"binary-expr","locations":[{"start":{"line":346,"column":28},"end":{"line":346,"column":43}},{"start":{"line":346,"column":47},"end":{"line":346,"column":49}}],"line":346},"19":{"loc":{"start":{"line":374,"column":24},"end":{"line":374,"column":45}},"type":"binary-expr","locations":[{"start":{"line":374,"column":24},"end":{"line":374,"column":39}},{"start":{"line":374,"column":43},"end":{"line":374,"column":45}}],"line":374},"20":{"loc":{"start":{"line":383,"column":17},"end":{"line":383,"column":36}},"type":"binary-expr","locations":[{"start":{"line":383,"column":17},"end":{"line":383,"column":23}},{"start":{"line":383,"column":27},"end":{"line":383,"column":36}}],"line":383},"21":{"loc":{"start":{"line":403,"column":22},"end":{"line":403,"column":43}},"type":"binary-expr","locations":[{"start":{"line":403,"column":22},"end":{"line":403,"column":37}},{"start":{"line":403,"column":41},"end":{"line":403,"column":43}}],"line":403},"22":{"loc":{"start":{"line":407,"column":4},"end":{"line":415,"column":5}},"type":"if","locations":[{"start":{"line":407,"column":4},"end":{"line":415,"column":5}},{"start":{"line":409,"column":11},"end":{"line":415,"column":5}}],"line":407},"23":{"loc":{"start":{"line":421,"column":0},"end":{"line":429,"column":1}},"type":"if","locations":[{"start":{"line":421,"column":0},"end":{"line":429,"column":1}},{"start":{},"end":{}}],"line":421},"24":{"loc":{"start":{"line":421,"column":4},"end":{"line":421,"column":51}},"type":"binary-expr","locations":[{"start":{"line":421,"column":4},"end":{"line":421,"column":33}},{"start":{"line":421,"column":37},"end":{"line":421,"column":51}}],"line":421}},"s":{"0":1,"1":1,"2":35,"3":35,"4":1,"5":34,"6":34,"7":34,"8":20,"9":34,"10":34,"11":7,"12":34,"13":34,"14":29,"15":29,"16":18,"17":29,"18":15,"19":15,"20":15,"21":34,"22":20,"23":20,"24":20,"25":20,"26":34,"27":15,"28":15,"29":15,"30":1,"31":1,"32":15,"33":1,"34":15,"35":3,"36":3,"37":3,"38":3,"39":3,"40":2,"41":15,"42":15,"43":15,"44":15,"45":15,"46":15,"47":15,"48":15,"49":15,"50":15,"51":15,"52":2,"53":2,"54":15,"55":15,"56":15,"57":15,"58":15,"59":15,"60":15,"61":15,"62":15,"63":15,"64":15,"65":15,"66":15,"67":15,"68":15,"69":1,"70":15,"71":15,"72":15,"73":15,"74":15,"75":3,"76":2,"77":2,"78":1,"79":1,"80":15,"81":15,"82":15,"83":15,"84":15,"85":34,"86":34,"87":34,"88":34,"89":19,"90":17,"91":19,"92":4,"93":4,"94":4,"95":4,"96":4,"97":4,"98":4,"99":4,"100":4,"101":4,"102":4,"103":4,"104":0,"105":4,"106":4,"107":4,"108":4,"109":30,"110":30,"111":30,"112":30,"113":30,"114":1,"115":1,"116":1,"117":30,"118":1,"119":30,"120":4,"121":4,"122":4,"123":4,"124":2,"125":4,"126":30,"127":2,"128":1,"129":30,"130":3,"131":3,"132":3,"133":3,"134":30,"135":6,"136":6,"137":6,"138":6,"139":1,"140":1,"141":5,"142":5,"143":5,"144":5,"145":5,"146":5,"147":5,"148":1,"149":1,"150":1,"151":1,"152":1,"153":1,"154":1,"155":0,"156":6,"157":6,"158":3,"159":3,"160":3,"161":4,"162":3,"163":3,"164":6,"165":6,"166":6,"167":8,"168":8,"169":8,"170":6,"171":6,"172":2,"173":2,"174":2,"175":2,"176":2,"177":1,"178":1,"179":2,"180":2,"181":1,"182":1,"183":3,"184":1,"185":50,"186":51},"f":{"0":35,"1":20,"2":29,"3":18,"4":1,"5":1,"6":3,"7":2,"8":15,"9":1,"10":3,"11":19,"12":17,"13":0,"14":30,"15":1,"16":1,"17":4,"18":4,"19":2,"20":3,"21":6,"22":0,"23":6,"24":4,"25":6,"26":8,"27":2,"28":2,"29":3,"30":1,"31":50,"32":51},"b":{"0":[1,34],"1":[34,1],"2":[15,14],"3":[15,0],"4":[20,14],"5":[2,1],"6":[2,1],"7":[4,15],"8":[4,4],"9":[2,2],"10":[4,3],"11":[1,1],"12":[6,2],"13":[1,5],"14":[5,1],"15":[1,0],"16":[1,0],"17":[3,3],"18":[3,1],"19":[6,1],"20":[8,5],"21":[2,0],"22":[1,1],"23":[1,0],"24":[1,1]},"_coverageSchema":"1a1c01bbd47fc00a2c39e90264f33305004495a9","hash":"978c28157fb888b5f33ba83c579b07078f472c38"}
}
