TN:
SF:src/popup.js
FN:44,initializePopup
FN:52,(anonymous_1)
FN:64,(anonymous_2)
FN:66,(anonymous_3)
FN:91,(anonymous_4)
FN:96,(anonymous_5)
FN:100,(anonymous_6)
FN:127,(anonymous_7)
FN:137,(anonymous_8)
FN:151,(anonymous_9)
FN:160,(anonymous_10)
FN:182,(anonymous_11)
FN:183,(anonymous_12)
FN:201,(anonymous_13)
FN:224,buildMenuItem
FN:233,(anonymous_15)
FN:239,(anonymous_16)
FN:244,(anonymous_17)
FN:246,(anonymous_18)
FN:255,(anonymous_19)
FN:262,(anonymous_20)
FN:289,saveTheme
FN:328,(anonymous_22)
FN:339,handleDeleteGroup
FN:350,(anonymous_24)
FN:371,handleRemoveTheme
FN:378,(anonymous_26)
FN:401,moveThemeToGroup
FN:405,(anonymous_28)
FN:424,(anonymous_29)
FN:425,(anonymous_30)
FN:426,(anonymous_31)
FN:427,(anonymous_32)
FNF:33
FNH:31
FNDA:35,initializePopup
FNDA:20,(anonymous_1)
FNDA:29,(anonymous_2)
FNDA:18,(anonymous_3)
FNDA:1,(anonymous_4)
FNDA:1,(anonymous_5)
FNDA:3,(anonymous_6)
FNDA:2,(anonymous_7)
FNDA:15,(anonymous_8)
FNDA:1,(anonymous_9)
FNDA:3,(anonymous_10)
FNDA:19,(anonymous_11)
FNDA:17,(anonymous_12)
FNDA:0,(anonymous_13)
FNDA:30,buildMenuItem
FNDA:1,(anonymous_15)
FNDA:1,(anonymous_16)
FNDA:4,(anonymous_17)
FNDA:4,(anonymous_18)
FNDA:2,(anonymous_19)
FNDA:3,(anonymous_20)
FNDA:6,saveTheme
FNDA:0,(anonymous_22)
FNDA:6,handleDeleteGroup
FNDA:4,(anonymous_24)
FNDA:6,handleRemoveTheme
FNDA:8,(anonymous_26)
FNDA:2,moveThemeToGroup
FNDA:2,(anonymous_28)
FNDA:3,(anonymous_29)
FNDA:1,(anonymous_30)
FNDA:50,(anonymous_31)
FNDA:51,(anonymous_32)
DA:26,1
DA:27,1
DA:45,35
DA:46,35
DA:49,34
DA:50,34
DA:52,34
DA:53,34
DA:56,34
DA:57,7
DA:63,34
DA:64,34
DA:65,29
DA:66,29
DA:69,29
DA:70,15
DA:71,15
DA:73,15
DA:78,34
DA:79,20
DA:80,20
DA:81,20
DA:82,20
DA:85,34
DA:86,15
DA:87,15
DA:91,15
DA:92,1
DA:93,1
DA:96,15
DA:97,1
DA:100,15
DA:101,3
DA:102,3
DA:104,3
DA:105,3
DA:107,3
DA:108,2
DA:113,15
DA:114,15
DA:115,15
DA:117,15
DA:118,15
DA:119,15
DA:120,15
DA:123,15
DA:124,15
DA:125,15
DA:127,15
DA:128,2
DA:129,2
DA:132,15
DA:133,15
DA:134,15
DA:137,15
DA:138,15
DA:139,15
DA:141,15
DA:142,15
DA:143,15
DA:145,15
DA:146,15
DA:148,15
DA:149,15
DA:150,15
DA:151,15
DA:153,15
DA:154,15
DA:155,15
DA:156,15
DA:160,15
DA:161,3
DA:162,2
DA:163,2
DA:165,1
DA:166,1
DA:170,15
DA:171,15
DA:172,15
DA:173,15
DA:174,15
DA:178,34
DA:179,34
DA:180,34
DA:182,34
DA:183,19
DA:184,19
DA:185,4
DA:186,4
DA:188,4
DA:189,4
DA:190,4
DA:192,4
DA:193,4
DA:197,4
DA:198,4
DA:199,4
DA:200,4
DA:201,4
DA:203,4
DA:204,4
DA:205,4
DA:206,4
DA:225,30
DA:226,30
DA:227,30
DA:231,30
DA:233,30
DA:234,1
DA:235,1
DA:236,1
DA:239,30
DA:240,1
DA:244,30
DA:245,4
DA:246,4
DA:248,4
DA:249,2
DA:251,4
DA:255,30
DA:256,2
DA:257,1
DA:262,30
DA:263,3
DA:264,3
DA:266,3
DA:269,3
DA:272,30
DA:290,6
DA:291,6
DA:292,6
DA:294,6
DA:295,1
DA:296,1
DA:299,5
DA:300,5
DA:302,5
DA:308,5
DA:309,5
DA:311,5
DA:312,5
DA:319,1
DA:321,1
DA:322,1
DA:323,1
DA:326,1
DA:327,1
DA:328,1
DA:341,6
DA:343,6
DA:345,3
DA:346,3
DA:350,3
DA:351,4
DA:355,3
DA:358,3
DA:373,6
DA:374,6
DA:378,6
DA:379,8
DA:380,8
DA:383,8
DA:387,6
DA:388,6
DA:402,2
DA:403,2
DA:405,2
DA:407,2
DA:408,1
DA:410,1
DA:417,2
DA:418,2
DA:421,1
DA:422,1
DA:424,3
DA:425,1
DA:426,50
DA:427,51
LF:178
LH:178
BRDA:46,0,0,1
BRDA:46,0,1,34
BRDA:53,1,0,34
BRDA:53,1,1,1
BRDA:69,2,0,15
BRDA:69,2,1,14
BRDA:70,3,0,15
BRDA:70,3,1,0
BRDA:78,4,0,20
BRDA:78,4,1,14
BRDA:107,5,0,2
BRDA:107,5,1,1
BRDA:161,6,0,2
BRDA:161,6,1,1
BRDA:184,7,0,4
BRDA:184,7,1,15
BRDA:246,8,0,4
BRDA:246,8,1,4
BRDA:248,9,0,2
BRDA:248,9,1,2
BRDA:248,10,0,4
BRDA:248,10,1,3
BRDA:256,11,0,1
BRDA:256,11,1,1
BRDA:291,12,0,6
BRDA:291,12,1,2
BRDA:294,13,0,1
BRDA:294,13,1,5
BRDA:300,14,0,5
BRDA:300,14,1,1
BRDA:322,15,0,1
BRDA:322,15,1,0
BRDA:327,16,0,1
BRDA:327,16,1,0
BRDA:343,17,0,3
BRDA:343,17,1,3
BRDA:346,18,0,3
BRDA:346,18,1,1
BRDA:374,19,0,6
BRDA:374,19,1,1
BRDA:383,20,0,8
BRDA:383,20,1,5
BRDA:403,21,0,2
BRDA:403,21,1,0
BRDA:407,22,0,1
BRDA:407,22,1,1
BRDA:421,23,0,1
BRDA:421,23,1,0
BRDA:421,24,0,1
BRDA:421,24,1,1
BRF:50
BRH:45
end_of_record
