TN:
SF:src/popup.js
FN:15,initializePopup
FN:23,(anonymous_1)
FN:33,(anonymous_2)
FN:35,(anonymous_3)
FN:60,(anonymous_4)
FN:65,(anonymous_5)
FN:69,(anonymous_6)
FN:96,(anonymous_7)
FN:106,(anonymous_8)
FN:120,(anonymous_9)
FN:129,(anonymous_10)
FN:151,(anonymous_11)
FN:152,(anonymous_12)
FN:170,(anonymous_13)
FN:184,buildMenuItem
FN:193,(anonymous_15)
FN:199,(anonymous_16)
FN:204,(anonymous_17)
FN:206,(anonymous_18)
FN:215,(anonymous_19)
FN:222,(anonymous_20)
FN:239,saveTheme
FN:278,(anonymous_22)
FN:284,handleDeleteGroup
FN:295,(anonymous_24)
FN:310,handleRemoveTheme
FN:317,(anonymous_26)
FN:331,moveThemeToGroup
FN:335,(anonymous_28)
FN:354,(anonymous_29)
FN:355,(anonymous_30)
FN:356,(anonymous_31)
FN:357,(anonymous_32)
FNF:33
FNH:31
FNDA:35,initializePopup
FNDA:20,(anonymous_1)
FNDA:29,(anonymous_2)
FNDA:18,(anonymous_3)
FNDA:1,(anonymous_4)
FNDA:1,(anonymous_5)
FNDA:3,(anonymous_6)
FNDA:2,(anonymous_7)
FNDA:15,(anonymous_8)
FNDA:1,(anonymous_9)
FNDA:3,(anonymous_10)
FNDA:19,(anonymous_11)
FNDA:17,(anonymous_12)
FNDA:0,(anonymous_13)
FNDA:30,buildMenuItem
FNDA:1,(anonymous_15)
FNDA:1,(anonymous_16)
FNDA:4,(anonymous_17)
FNDA:4,(anonymous_18)
FNDA:2,(anonymous_19)
FNDA:3,(anonymous_20)
FNDA:6,saveTheme
FNDA:0,(anonymous_22)
FNDA:6,handleDeleteGroup
FNDA:4,(anonymous_24)
FNDA:6,handleRemoveTheme
FNDA:8,(anonymous_26)
FNDA:2,moveThemeToGroup
FNDA:2,(anonymous_28)
FNDA:3,(anonymous_29)
FNDA:1,(anonymous_30)
FNDA:50,(anonymous_31)
FNDA:51,(anonymous_32)
DA:7,1
DA:8,1
DA:16,35
DA:17,35
DA:20,34
DA:21,34
DA:23,34
DA:24,34
DA:27,34
DA:28,7
DA:32,34
DA:33,34
DA:34,29
DA:35,29
DA:38,29
DA:39,15
DA:40,15
DA:42,15
DA:47,34
DA:48,20
DA:49,20
DA:50,20
DA:51,20
DA:54,34
DA:55,15
DA:56,15
DA:60,15
DA:61,1
DA:62,1
DA:65,15
DA:66,1
DA:69,15
DA:70,3
DA:71,3
DA:73,3
DA:74,3
DA:76,3
DA:77,2
DA:82,15
DA:83,15
DA:84,15
DA:86,15
DA:87,15
DA:88,15
DA:89,15
DA:92,15
DA:93,15
DA:94,15
DA:96,15
DA:97,2
DA:98,2
DA:101,15
DA:102,15
DA:103,15
DA:106,15
DA:107,15
DA:108,15
DA:110,15
DA:111,15
DA:112,15
DA:114,15
DA:115,15
DA:117,15
DA:118,15
DA:119,15
DA:120,15
DA:122,15
DA:123,15
DA:124,15
DA:125,15
DA:129,15
DA:130,3
DA:131,2
DA:132,2
DA:134,1
DA:135,1
DA:139,15
DA:140,15
DA:141,15
DA:142,15
DA:143,15
DA:147,34
DA:148,34
DA:149,34
DA:151,34
DA:152,19
DA:153,19
DA:154,4
DA:155,4
DA:157,4
DA:158,4
DA:159,4
DA:161,4
DA:162,4
DA:166,4
DA:167,4
DA:168,4
DA:169,4
DA:170,4
DA:172,4
DA:173,4
DA:174,4
DA:175,4
DA:185,30
DA:186,30
DA:187,30
DA:191,30
DA:193,30
DA:194,1
DA:195,1
DA:196,1
DA:199,30
DA:200,1
DA:204,30
DA:205,4
DA:206,4
DA:208,4
DA:209,2
DA:211,4
DA:215,30
DA:216,2
DA:217,1
DA:222,30
DA:223,3
DA:224,3
DA:226,3
DA:229,3
DA:232,30
DA:240,6
DA:241,6
DA:242,6
DA:244,6
DA:245,1
DA:246,1
DA:249,5
DA:250,5
DA:252,5
DA:258,5
DA:259,5
DA:261,5
DA:262,5
DA:269,1
DA:271,1
DA:272,1
DA:273,1
DA:276,1
DA:277,1
DA:278,1
DA:286,6
DA:288,6
DA:290,3
DA:291,3
DA:295,3
DA:296,4
DA:300,3
DA:303,3
DA:312,6
DA:313,6
DA:317,6
DA:318,8
DA:319,8
DA:322,8
DA:326,6
DA:327,6
DA:332,2
DA:333,2
DA:335,2
DA:337,2
DA:338,1
DA:340,1
DA:347,2
DA:348,2
DA:351,1
DA:352,1
DA:354,3
DA:355,1
DA:356,50
DA:357,51
LF:178
LH:178
BRDA:17,0,0,1
BRDA:17,0,1,34
BRDA:24,1,0,34
BRDA:24,1,1,1
BRDA:38,2,0,15
BRDA:38,2,1,14
BRDA:39,3,0,15
BRDA:39,3,1,0
BRDA:47,4,0,20
BRDA:47,4,1,14
BRDA:76,5,0,2
BRDA:76,5,1,1
BRDA:130,6,0,2
BRDA:130,6,1,1
BRDA:153,7,0,4
BRDA:153,7,1,15
BRDA:206,8,0,4
BRDA:206,8,1,4
BRDA:208,9,0,2
BRDA:208,9,1,2
BRDA:208,10,0,4
BRDA:208,10,1,3
BRDA:216,11,0,1
BRDA:216,11,1,1
BRDA:241,12,0,6
BRDA:241,12,1,2
BRDA:244,13,0,1
BRDA:244,13,1,5
BRDA:250,14,0,5
BRDA:250,14,1,1
BRDA:272,15,0,1
BRDA:272,15,1,0
BRDA:277,16,0,1
BRDA:277,16,1,0
BRDA:288,17,0,3
BRDA:288,17,1,3
BRDA:291,18,0,3
BRDA:291,18,1,1
BRDA:313,19,0,6
BRDA:313,19,1,1
BRDA:322,20,0,8
BRDA:322,20,1,5
BRDA:333,21,0,2
BRDA:333,21,1,0
BRDA:337,22,0,1
BRDA:337,22,1,1
BRDA:351,23,0,1
BRDA:351,23,1,0
BRDA:351,24,0,1
BRDA:351,24,1,1
BRF:50
BRH:45
end_of_record
